  Camera.cpp
  DB.cpp
D:\JORGE\REPOS\GraphicEngine\GameEngine\GameEngine\DB.cpp(15,15): warning C4244: 'inicializando': conversión de 'double' a 'GLfloat'; posible pérdida de datos
D:\JORGE\REPOS\GraphicEngine\GameEngine\GameEngine\DB.cpp(133,18): warning C4244: '=': conversión de 'double' a 'GLfloat'; posible pérdida de datos
D:\JORGE\REPOS\GraphicEngine\GameEngine\GameEngine\DB.cpp(134,18): warning C4244: '=': conversión de 'double' a 'GLfloat'; posible pérdida de datos
D:\JORGE\REPOS\GraphicEngine\GameEngine\GameEngine\DB.cpp(138,24): warning C4244: '=': conversión de 'double' a 'GLfloat'; posible pérdida de datos
D:\JORGE\REPOS\GraphicEngine\GameEngine\GameEngine\DB.cpp(139,32): warning C4244: '=': conversión de 'double' a 'GLfloat'; posible pérdida de datos
D:\JORGE\REPOS\GraphicEngine\GameEngine\GameEngine\DB.cpp(141,17): warning C4244: '=': conversión de 'double' a 'GLfloat'; posible pérdida de datos
D:\JORGE\REPOS\GraphicEngine\GameEngine\GameEngine\DB.cpp(142,17): warning C4244: '=': conversión de 'double' a 'GLfloat'; posible pérdida de datos
  main.cpp
  Mesh.cpp
  Model.cpp
D:\JORGE\REPOS\GraphicEngine\GameEngine\GameEngine\Model.cpp(74,20): warning C4018: '<': no coinciden signed/unsigned
D:\JORGE\REPOS\GraphicEngine\GameEngine\GameEngine\Model.cpp(78,20): warning C4018: '<': no coinciden signed/unsigned
D:\JORGE\REPOS\GraphicEngine\GameEngine\GameEngine\Model.cpp(89,20): warning C4018: '<': no coinciden signed/unsigned
D:\JORGE\REPOS\GraphicEngine\GameEngine\GameEngine\Model.cpp(124,20): warning C4018: '<': no coinciden signed/unsigned
D:\JORGE\REPOS\GraphicEngine\GameEngine\GameEngine\Model.cpp(127,21): warning C4018: '<': no coinciden signed/unsigned
D:\JORGE\REPOS\GraphicEngine\GameEngine\GameEngine\Model.cpp(136,18): warning C4267: 'argumento': conversión de 'size_t' a 'unsigned int'; posible pérdida de datos
D:\JORGE\REPOS\GraphicEngine\GameEngine\GameEngine\Model.cpp(146,20): warning C4018: '<': no coinciden signed/unsigned
D:\JORGE\REPOS\GraphicEngine\GameEngine\GameEngine\Model.cpp(175,29): warning C4267: 'inicializando': conversión de 'size_t' a 'int'; posible pérdida de datos
  PhongLight.cpp
  Shader.cpp
D:\JORGE\REPOS\GraphicEngine\GameEngine\GameEngine\Shader.cpp(101,37): warning C4267: '=': conversión de 'size_t' a 'GLint'; posible pérdida de datos
  Texture.cpp
  Generando código...
DB.obj : error LNK2019: símbolo externo __imp_glewInit sin resolver al que se hace referencia en la función "private: void __cdecl DB::initOpenGL(void)" (?initOpenGL@DB@@AEAAXXZ)
DB.obj : error LNK2019: símbolo externo __imp_glewGetErrorString sin resolver al que se hace referencia en la función "private: void __cdecl DB::initOpenGL(void)" (?initOpenGL@DB@@AEAAXXZ)
DB.obj : error LNK2019: símbolo externo glfwInit sin resolver al que se hace referencia en la función "private: void __cdecl DB::initOpenGL(void)" (?initOpenGL@DB@@AEAAXXZ)
DB.obj : error LNK2019: símbolo externo glfwTerminate sin resolver al que se hace referencia en la función "public: __cdecl DB::~DB(void)" (??1DB@@QEAA@XZ)
DB.obj : error LNK2019: símbolo externo glfwWindowHint sin resolver al que se hace referencia en la función "private: void __cdecl DB::initOpenGL(void)" (?initOpenGL@DB@@AEAAXXZ)
DB.obj : error LNK2019: símbolo externo glfwCreateWindow sin resolver al que se hace referencia en la función "private: void __cdecl DB::initOpenGL(void)" (?initOpenGL@DB@@AEAAXXZ)
DB.obj : error LNK2019: símbolo externo glfwDestroyWindow sin resolver al que se hace referencia en la función "public: __cdecl DB::~DB(void)" (??1DB@@QEAA@XZ)
DB.obj : error LNK2019: símbolo externo glfwWindowShouldClose sin resolver al que se hace referencia en la función "public: void __cdecl DB::run(void)" (?run@DB@@QEAAXXZ)
DB.obj : error LNK2019: símbolo externo glfwSetWindowShouldClose sin resolver al que se hace referencia en la función "private: static void __cdecl DB::keyCallback(struct GLFWwindow *,int,int,int,int)" (?keyCallback@DB@@CAXPEAUGLFWwindow@@HHHH@Z)
DB.obj : error LNK2019: símbolo externo glfwGetFramebufferSize sin resolver al que se hace referencia en la función "private: void __cdecl DB::initOpenGL(void)" (?initOpenGL@DB@@AEAAXXZ)
DB.obj : error LNK2019: símbolo externo glfwSetWindowUserPointer sin resolver al que se hace referencia en la función "private: void __cdecl DB::initOpenGL(void)" (?initOpenGL@DB@@AEAAXXZ)
DB.obj : error LNK2019: símbolo externo glfwGetWindowUserPointer sin resolver al que se hace referencia en la función "private: static void __cdecl DB::keyCallback(struct GLFWwindow *,int,int,int,int)" (?keyCallback@DB@@CAXPEAUGLFWwindow@@HHHH@Z)
DB.obj : error LNK2019: símbolo externo glfwSetFramebufferSizeCallback sin resolver al que se hace referencia en la función "private: void __cdecl DB::initOpenGL(void)" (?initOpenGL@DB@@AEAAXXZ)
DB.obj : error LNK2019: símbolo externo glfwPollEvents sin resolver al que se hace referencia en la función "public: void __cdecl DB::run(void)" (?run@DB@@QEAAXXZ)
DB.obj : error LNK2019: símbolo externo glfwSetInputMode sin resolver al que se hace referencia en la función "private: void __cdecl DB::initOpenGL(void)" (?initOpenGL@DB@@AEAAXXZ)
DB.obj : error LNK2019: símbolo externo glfwSetKeyCallback sin resolver al que se hace referencia en la función "private: void __cdecl DB::initOpenGL(void)" (?initOpenGL@DB@@AEAAXXZ)
DB.obj : error LNK2019: símbolo externo glfwSetCursorPosCallback sin resolver al que se hace referencia en la función "private: void __cdecl DB::initOpenGL(void)" (?initOpenGL@DB@@AEAAXXZ)
DB.obj : error LNK2019: símbolo externo glfwGetTime sin resolver al que se hace referencia en la función "public: void __cdecl DB::run(void)" (?run@DB@@QEAAXXZ)
DB.obj : error LNK2019: símbolo externo glfwMakeContextCurrent sin resolver al que se hace referencia en la función "private: void __cdecl DB::initOpenGL(void)" (?initOpenGL@DB@@AEAAXXZ)
DB.obj : error LNK2019: símbolo externo glfwSwapBuffers sin resolver al que se hace referencia en la función "public: void __cdecl DB::run(void)" (?run@DB@@QEAAXXZ)
DB.obj : error LNK2001: símbolo externo __imp_glewExperimental sin resolver
Mesh.obj : error LNK2001: símbolo externo __imp___glewBindBuffer sin resolver
Mesh.obj : error LNK2001: símbolo externo __imp___glewBufferData sin resolver
Mesh.obj : error LNK2001: símbolo externo __imp___glewDeleteBuffers sin resolver
Mesh.obj : error LNK2001: símbolo externo __imp___glewGenBuffers sin resolver
Mesh.obj : error LNK2001: símbolo externo __imp___glewEnableVertexAttribArray sin resolver
Mesh.obj : error LNK2001: símbolo externo __imp___glewVertexAttribPointer sin resolver
Mesh.obj : error LNK2001: símbolo externo __imp___glewBindVertexArray sin resolver
Mesh.obj : error LNK2001: símbolo externo __imp___glewDeleteVertexArrays sin resolver
Mesh.obj : error LNK2001: símbolo externo __imp___glewGenVertexArrays sin resolver
Model.obj : error LNK2019: símbolo externo "public: __cdecl Assimp::Importer::Importer(void)" (??0Importer@Assimp@@QEAA@XZ) sin resolver al que se hace referencia en la función "private: void __cdecl Model::init(void)" (?init@Model@@AEAAXXZ)
Model.obj : error LNK2019: símbolo externo "public: __cdecl Assimp::Importer::~Importer(void)" (??1Importer@Assimp@@QEAA@XZ) sin resolver al que se hace referencia en la función "private: void __cdecl Model::init(void)" (?init@Model@@AEAAXXZ)
Model.obj : error LNK2019: símbolo externo "public: struct aiScene const * __cdecl Assimp::Importer::ReadFile(char const *,unsigned int)" (?ReadFile@Importer@Assimp@@QEAAPEBUaiScene@@PEBDI@Z) sin resolver al que se hace referencia en la función "public: struct aiScene const * __cdecl Assimp::Importer::ReadFile(class std::basic_string<char,struct std::char_traits<char>,class std::allocator<char> > const &,unsigned int)" (?ReadFile@Importer@Assimp@@QEAAPEBUaiScene@@AEBV?$basic_string@DU?$char_traits@D@std@@V?$allocator@D@2@@std@@I@Z)
Model.obj : error LNK2019: símbolo externo "public: char const * __cdecl Assimp::Importer::GetErrorString(void)const " (?GetErrorString@Importer@Assimp@@QEBAPEBDXZ) sin resolver al que se hace referencia en la función "private: void __cdecl Model::init(void)" (?init@Model@@AEAAXXZ)
Model.obj : error LNK2019: símbolo externo aiGetMaterialString sin resolver al que se hace referencia en la función "public: enum aiReturn __cdecl aiMaterial::Get(char const *,unsigned int,unsigned int,struct aiString &)const " (?Get@aiMaterial@@QEBA?AW4aiReturn@@PEBDIIAEAUaiString@@@Z)
Model.obj : error LNK2019: símbolo externo aiGetMaterialTextureCount sin resolver al que se hace referencia en la función "public: unsigned int __cdecl aiMaterial::GetTextureCount(enum aiTextureType)const " (?GetTextureCount@aiMaterial@@QEBAIW4aiTextureType@@@Z)
Model.obj : error LNK2001: símbolo externo __imp___glewUniform1f sin resolver
Model.obj : error LNK2001: símbolo externo __imp___glewUniform3fv sin resolver
Model.obj : error LNK2001: símbolo externo __imp___glewUniformMatrix4fv sin resolver
Model.obj : error LNK2001: símbolo externo __imp___glewUseProgram sin resolver
Shader.obj : error LNK2001: símbolo externo __imp___glewAttachShader sin resolver
Shader.obj : error LNK2001: símbolo externo __imp___glewCompileShader sin resolver
Shader.obj : error LNK2001: símbolo externo __imp___glewCreateProgram sin resolver
Shader.obj : error LNK2001: símbolo externo __imp___glewCreateShader sin resolver
Shader.obj : error LNK2001: símbolo externo __imp___glewDeleteProgram sin resolver
Shader.obj : error LNK2001: símbolo externo __imp___glewGetProgramInfoLog sin resolver
Shader.obj : error LNK2001: símbolo externo __imp___glewGetProgramiv sin resolver
Shader.obj : error LNK2001: símbolo externo __imp___glewGetShaderInfoLog sin resolver
Shader.obj : error LNK2001: símbolo externo __imp___glewGetShaderiv sin resolver
Shader.obj : error LNK2001: símbolo externo __imp___glewGetUniformLocation sin resolver
Shader.obj : error LNK2001: símbolo externo __imp___glewLinkProgram sin resolver
Shader.obj : error LNK2001: símbolo externo __imp___glewShaderSource sin resolver
Texture.obj : error LNK2001: símbolo externo __imp___glewActiveTexture sin resolver
Texture.obj : error LNK2001: símbolo externo __imp___glewGenerateMipmap sin resolver
D:\JORGE\REPOS\GraphicEngine\GameEngine\\GLEW\lib\Release\Win32\glew32.lib : warning LNK4272: el tipo de máquina de biblioteca 'x86' está en conflicto con el tipo de máquina de destino 'x64'
D:\JORGE\REPOS\GraphicEngine\GameEngine\\GLFW\lib-vc2019\glfw3.lib : warning LNK4272: el tipo de máquina de biblioteca 'x86' está en conflicto con el tipo de máquina de destino 'x64'
D:\JORGE\REPOS\GraphicEngine\GameEngine\\ASSIMP\lib\assimp-vc140-mt.lib : warning LNK4272: el tipo de máquina de biblioteca 'x86' está en conflicto con el tipo de máquina de destino 'x64'
D:\JORGE\REPOS\GraphicEngine\GameEngine\x64\Debug\GameEngine.exe : fatal error LNK1120: 54 externos sin resolver
