d:\jorge\repos\graphicengine\gameengine\gameengine\x64\debug\vc142.pdb
d:\jorge\repos\graphicengine\gameengine\gameengine\x64\debug\vc142.idb
d:\jorge\repos\graphicengine\gameengine\gameengine\x64\debug\texture.obj
d:\jorge\repos\graphicengine\gameengine\gameengine\x64\debug\shader.obj
d:\jorge\repos\graphicengine\gameengine\gameengine\x64\debug\phonglight.obj
d:\jorge\repos\graphicengine\gameengine\gameengine\x64\debug\model.obj
d:\jorge\repos\graphicengine\gameengine\gameengine\x64\debug\mesh.obj
d:\jorge\repos\graphicengine\gameengine\gameengine\x64\debug\main.obj
d:\jorge\repos\graphicengine\gameengine\gameengine\x64\debug\db.obj
d:\jorge\repos\graphicengine\gameengine\gameengine\x64\debug\camera.obj
d:\jorge\repos\graphicengine\gameengine\x64\debug\gameengine.pdb
d:\jorge\repos\graphicengine\gameengine\gameengine\x64\debug\gameengine.tlog\cl.command.1.tlog
d:\jorge\repos\graphicengine\gameengine\gameengine\x64\debug\gameengine.tlog\cl.read.1.tlog
d:\jorge\repos\graphicengine\gameengine\gameengine\x64\debug\gameengine.tlog\cl.write.1.tlog
d:\jorge\repos\graphicengine\gameengine\gameengine\x64\debug\gameengine.tlog\link-cvtres.read.1.tlog
d:\jorge\repos\graphicengine\gameengine\gameengine\x64\debug\gameengine.tlog\link-cvtres.write.1.tlog
d:\jorge\repos\graphicengine\gameengine\gameengine\x64\debug\gameengine.tlog\link-rc.read.1.tlog
d:\jorge\repos\graphicengine\gameengine\gameengine\x64\debug\gameengine.tlog\link-rc.write.1.tlog
d:\jorge\repos\graphicengine\gameengine\gameengine\x64\debug\gameengine.tlog\link.command.1.tlog
d:\jorge\repos\graphicengine\gameengine\gameengine\x64\debug\gameengine.tlog\link.read.1.tlog
d:\jorge\repos\graphicengine\gameengine\gameengine\x64\debug\gameengine.tlog\link.write.1.tlog
